GET / 404 139 - 1.316 ms
GET / 404 139 - 1.047 ms
GET / 404 139 - 1.047 ms
GET / 404 139 - 1.529 ms
GET / 404 139 - 0.833 ms
GET / 404 139 - 0.580 ms
GET / 404 139 - 0.760 ms
GET / 404 139 - 2.463 ms
GET / 404 139 - 1.075 ms
GET / 404 139 - 2.133 ms
GET / 404 139 - 0.884 ms
GET / 404 139 - 1.521 ms
GET /api/pets - - - - ms
GET /api/pets 200 2 - 2.906 ms
GET /favicon.ico 404 150 - 8.139 ms
GET /api 200 2 - 0.636 ms
GET /api 304 - - 0.512 ms
GET /api 304 - - 1.369 ms
GET /api/hi 200 2 - 0.116 ms
GET /api/hi 304 - - 0.268 ms
GET /api/hi 304 - - 0.391 ms
GET /api/hi 304 - - 0.430 ms
GET /api/hi 404 145 - 4.397 ms
GET /pets 200 2 - 3.270 ms
GET /pets 404 143 - 4.307 ms
GET /api 404 142 - 1.807 ms
GET /api/pets 304 - - 3.384 ms
GET /api/pets 304 - - 0.655 ms
GET /api/pets 200 9146 - 97.531 ms
GET /api/owners 200 14645 - 28.771 ms
GET /api/owners 304 - - 6.975 ms
GET /api/owners 304 - - 19.730 ms
GET /api/owners/6049 200 92 - 83.867 ms
GET /api/owners/6049 304 - - 6.555 ms
